<?xml version="1.0" encoding="UTF-8"?>
<!-- Generated by org.testng.reporters.JUnitXMLReporter -->
<testsuite hostname="EN63209" tests="6" failures="2" timestamp="3 Aug 2017 13:33:23 GMT" time="0.047" errors="0">
  <testcase name="testAdd1" time="0.0" classname="AddTestIT"/>
  <testcase name="testAdd1" time="0.0" classname="AddTestIT"/>
  <testcase name="testAdd1" time="0.0" classname="AddTestIT"/>
  <testcase name="testAdd2" time="0.0" classname="AddTestIT">
    <failure type="java.lang.AssertionError" message="expected [0] but found [-1]">
      <![CDATA[java.lang.AssertionError: expected [0] but found [-1]
	at AddTestIT.testAdd2(AddTestIT.java:35)
	at org.apache.maven.surefire.testng.TestNGExecutor.run(TestNGExecutor.java:135)
	at org.apache.maven.surefire.testng.TestNGDirectoryTestSuite.executeMulti(TestNGDirectoryTestSuite.java:193)
	at org.apache.maven.surefire.testng.TestNGDirectoryTestSuite.execute(TestNGDirectoryTestSuite.java:94)
	at org.apache.maven.surefire.testng.TestNGProvider.invoke(TestNGProvider.java:146)
	at org.apache.maven.surefire.booter.ForkedBooter.invokeProviderInSameClassLoader(ForkedBooter.java:386)
	at org.apache.maven.surefire.booter.ForkedBooter.runSuitesInProcess(ForkedBooter.java:323)
	at org.apache.maven.surefire.booter.ForkedBooter.main(ForkedBooter.java:143)
... Removed 26 stack frames]]>
    </failure>
  </testcase> <!-- testAdd2 -->
  <testcase name="testFact1" time="0.0" classname="factTestIT"/>
  <testcase name="testFact2" time="0.0" classname="factTestIT">
    <failure type="java.lang.AssertionError" message="expected [119] but found [120]">
      <![CDATA[java.lang.AssertionError: expected [119] but found [120]
	at factTestIT.testFact2(factTestIT.java:32)
	at org.apache.maven.surefire.testng.TestNGExecutor.run(TestNGExecutor.java:135)
	at org.apache.maven.surefire.testng.TestNGDirectoryTestSuite.executeMulti(TestNGDirectoryTestSuite.java:193)
	at org.apache.maven.surefire.testng.TestNGDirectoryTestSuite.execute(TestNGDirectoryTestSuite.java:94)
	at org.apache.maven.surefire.testng.TestNGProvider.invoke(TestNGProvider.java:146)
	at org.apache.maven.surefire.booter.ForkedBooter.invokeProviderInSameClassLoader(ForkedBooter.java:386)
	at org.apache.maven.surefire.booter.ForkedBooter.runSuitesInProcess(ForkedBooter.java:323)
	at org.apache.maven.surefire.booter.ForkedBooter.main(ForkedBooter.java:143)
... Removed 26 stack frames]]>
    </failure>
  </testcase> <!-- testFact2 -->
</testsuite>
